BPyTFSI
C1 vacuum PBE
291.683142
C2 vacuum PBE
290.874456
C3 vacuum PBE
290.857082
C4 vacuum PBE
290.861137
C5 vacuum PBE
291.624244
C12 vacuum PBE
291.384576
C13 vacuum PBE
290.432089
C16 vacuum PBE
290.218612
C19 vacuum PBE
290.04996
C32 vacuum PBE
296.082534
C36 vacuum PBE
296.265781
N11 vacuum PBE
407.020876
N28 vacuum PBE
402.976107
F33 vacuum PBE
692.168935
F34 vacuum PBE
692.146384
F35 vacuum PBE
692.195965
F37 vacuum PBE
692.371901
F38 vacuum PBE
692.317712
F39 vacuum PBE
692.358229
S25 vacuum PBE
2478.528032
S29 vacuum PBE
2478.526029
O26 vacuum PBE
536.037348
O27 vacuum PBE
536.054544
O30 vacuum PBE
536.053689
O31 vacuum PBE
536.007064
