EMImTFSI
C1 vacuum PBE
290.147736
C2 vacuum PBE
291.850516
C6 vacuum PBE
292.309928
C7 vacuum PBE
291.451922
C10 vacuum PBE
291.465701
C12 vacuum PBE
291.725704
C24 vacuum PBE
296.340909
C28 vacuum PBE
296.173616
N3 vacuum PBE
406.813204
N8 vacuum PBE
406.94172
N20 vacuum PBE
403.070538
F25 vacuum PBE
692.390026
F26 vacuum PBE
692.441566
F27 vacuum PBE
692.42648
F29 vacuum PBE
692.224061
F30 vacuum PBE
692.247454
F31 vacuum PBE
692.282457
S17 vacuum PBE
2478.588465
S21 vacuum PBE
2478.635878
O18 vacuum PBE
536.10716
O19 vacuum PBE
536.060926
O22 vacuum PBE
536.164339
O23 vacuum PBE
536.170395
