Pyr14TFSI
C1 vacuum PBE
291.543079
C4 vacuum PBE
290.604501
C7 vacuum PBE
290.220593
C10 vacuum PBE
290.112673
C15 vacuum PBE
292.163645
C16 vacuum PBE
291.188277
C17 vacuum PBE
291.034237
C18 vacuum PBE
291.501216
C28 vacuum PBE
291.646612
C38 vacuum PBE
295.905855
C42 vacuum PBE
296.150908
N14 vacuum PBE
407.582881
N34 vacuum PBE
403.007934
F39 vacuum PBE
691.906417
F40 vacuum PBE
691.823957
F41 vacuum PBE
691.929708
F43 vacuum PBE
692.125808
F44 vacuum PBE
692.130352
F45 vacuum PBE
692.166273
S31 vacuum PBE
2478.4433
S35 vacuum PBE
2478.505147
O32 vacuum PBE
535.952145
O33 vacuum PBE
535.952768
O36 vacuum PBE
536.052517
O37 vacuum PBE
535.980583
