BMImFSI
C2 vacuum PBE
289.979307
C3 vacuum PBE
290.227999
C6 vacuum PBE
290.304925
C9 vacuum PBE
291.973337
C15 vacuum PBE
292.318989
C16 vacuum PBE
291.705229
C19 vacuum PBE
291.694119
C21 vacuum PBE
292.025407
N12 vacuum PBE
406.901696
N17 vacuum PBE
407.031184
N29 vacuum PBE
403.470647
F33 vacuum PBE
690.538284
F34 vacuum PBE
690.496705
S26 vacuum PBE
2479.622068
S30 vacuum PBE
2479.619757
O27 vacuum PBE
536.436587
O28 vacuum PBE
536.431714
O31 vacuum PBE
536.385441
O32 vacuum PBE
536.455878
