TEPATFSI
C2 vacuum PBE
291.163223
C5 vacuum PBE
290.323721
C8 vacuum PBE
289.717629
C12 vacuum PBE
292.057186
C15 vacuum PBE
290.938275
C19 vacuum PBE
291.528362
C22 vacuum PBE
290.154548
C26 vacuum PBE
291.521361
C29 vacuum PBE
290.68004
C40 vacuum PBE
296.04641
C44 vacuum PBE
296.079003
N1 vacuum PBE
407.383605
N36 vacuum PBE
402.883886
F41 vacuum PBE
692.141235
F42 vacuum PBE
692.117733
F43 vacuum PBE
692.154284
F45 vacuum PBE
692.18237
F46 vacuum PBE
692.159429
F47 vacuum PBE
692.164963
S33 vacuum PBE
2478.455897
S37 vacuum PBE
2478.385688
O34 vacuum PBE
535.990255
O35 vacuum PBE
535.979452
O38 vacuum PBE
535.912113
O39 vacuum PBE
535.904679
