17	C1	C2	C6	C7	C10	C12	C18	C19	C22	C23	N3	N8	N20	N21	N24	N25	B17	
EMImBCN4	290.487372	292.098407	292.696085	291.844623	291.850009	292.261597	290.679005	290.593984	290.082687	290.315987	407.245174	407.412708	403.722276	403.780848	403.263383	403.475374	195.709074	
23	C1	C2	C6	C7	C10	C12	C24	C28	N3	N8	N20	F25	F26	F27	F29	F30	F31	S17	S21	O18	O19	O22	O23	
EMImTFSI	290.147736	291.850516	292.309928	291.451922	291.465701	291.725704	296.340909	296.173616	406.813204	406.94172	403.070538	692.390026	692.441566	692.42648	692.224061	692.247454	692.282457	2478.588465	2478.635878	536.10716	536.060926	536.164339	536.170395	
17	C1	C2	C6	C7	C10	C12	N3	N8	N20	F24	F25	S17	S21	O18	O19	O22	O23	
EMImFSI	290.255243	291.94594	292.403098	291.462961	291.488417	291.744845	406.872263	407.000786	403.307345	691.332075	691.152867	2479.64245	2479.642761	536.366849	536.342233	536.350085	536.422627	
13	C1	C2	C6	C7	C10	C12	N3	N8	F18	F19	F20	F21	B17	
EMImBF4	290.232978	291.900174	292.206435	291.565778	291.573486	291.745391	406.85791	406.933787	689.311819	689.301108	689.344284	689.342856	197.361949	
15	C1	C2	C6	C7	C10	C12	N3	N8	F18	F19	F20	F21	F22	F23	P17	
EMImPF6	290.19229	291.952512	292.404472	291.623966	291.647384	292.019963	406.93519	407.080642	689.97871	689.818678	689.954625	689.889734	689.966598	689.859107	2152.180041	
9	C1	C2	C6	C7	C10	C12	N3	N8	Br17	
EMImBr	289.762943	291.571897	291.690414	290.858025	290.892822	291.341691	405.955911	406.039623	13479.364439	
9	C1	C2	C6	C7	C10	C12	N3	N8	Cl17	
EMImCl	289.677974	291.506554	291.689428	290.795613	290.839148	291.284233	405.904958	405.977515	2820.014761	
9	C1	C2	C6	C7	C10	C12	N3	N8	I17	
EMImI	289.852711	291.501473	291.635754	290.815123	290.814579	291.354047	405.851102	405.968706	33220.01736	
17	C1	C2	C6	C7	C10	C12	C18	C19	C22	C23	N3	N8	N20	N21	N24	N25	B17	
EMImBCN4	285.3	287.32	288	286.8	286.8	287.32	286.8	286.8	285.3	286.8	402.68	400.4	400.4	400.4	400.4	400.4	192	
17	C1	C2	C6	C7	C10	C12	C24	C28	N3	N8	N20	F18	F19	F20	F21	F22	F23	
EMImTFSI	285.5	286.6	287.7	287.1	287.1	286.6	293.0	293.0	402.1	402.1	399.5	686.8	686.8	686.8	686.8	686.8	686.8	
12	C1	C2	C6	C7	C10	C12	N3	N8	F18	F19	F20	F21	
EMImBF4	285.3	286.4	287.6	286.9	286.9	286.4	402.0	402.0	686.0	686.0	686.0	686.0	
14	C1	C2	C6	C7	C10	C12	N3	N8	F18	F19	F20	F21	F22	F23	
EMImBF4	285.3	287.26	288	286.81	286.81	287.26	402.0	402.0	686.8	686.8	686.8	686.8	686.8	686.8	
14	C1	C2	C6	C7	C10	C12	N3	N8	F18	F19	F20	F21	F22	F23	
EMImPF6	285.2	286.6	287.0	287.7	287.0	286.6	402.1	402.1	686.8	686.8	686.8	686.8	686.8	686.8	
8	C1	C2	C6	C7	C10	C12	N3	N8	
EMImBr	285.1	286.3	287.3	286.6	286.6	286.3	401.7	401.7	
8	C1	C2	C6	C7	C10	C12	N3	N8	
EMImCl	285.1	286.1	287.2	286.6	286.6	286.1	401.7	401.7	
8	C1	C2	C6	C7	C10	C12	N3	N8	
EMImI	285.0	286.3	287.4	286.8	286.8	286.3	401.9	401.9	
