BMImTFSI
C2 vacuum PBE
289.603361
C3 vacuum PBE
289.850643
C6 vacuum PBE
289.79994
C9 vacuum PBE
291.729326
C15 vacuum PBE
292.337555
C16 vacuum PBE
291.497755
C19 vacuum PBE
291.537102
C21 vacuum PBE
291.831582
C33 vacuum PBE
296.282472
C37 vacuum PBE
296.083869
N12 vacuum PBE
406.816305
N17 vacuum PBE
406.931123
N29 vacuum PBE
403.156921
F34 vacuum PBE
692.227364
F35 vacuum PBE
692.261299
F36 vacuum PBE
692.267021
F38 vacuum PBE
692.018297
F39 vacuum PBE
692.106463
F40 vacuum PBE
692.119264
S26 vacuum PBE
2478.634405
S30 vacuum PBE
2478.661971
O27 vacuum PBE
536.130353
O28 vacuum PBE
536.033203
O31 vacuum PBE
536.133194
O32 vacuum PBE
536.138198
