Pyr14FSI
C1 vacuum PBE
291.572953
C4 vacuum PBE
290.384817
C7 vacuum PBE
290.100486
C10 vacuum PBE
289.892329
C15 vacuum PBE
292.214405
C16 vacuum PBE
291.21299
C17 vacuum PBE
291.042311
C18 vacuum PBE
291.502566
C28 vacuum PBE
292.001074
N14 vacuum PBE
407.625337
N34 vacuum PBE
403.408604
F38 vacuum PBE
690.374805
F39 vacuum PBE
690.466506
S31 vacuum PBE
2479.541247
S35 vacuum PBE
2479.547975
O32 vacuum PBE
536.284914
O33 vacuum PBE
536.378746
O36 vacuum PBE
536.330473
O37 vacuum PBE
536.353615
